United Nations Convention on the Rights of the Child (Incorporation) (Scotland) Act 2024	year=2024	number=1	id=asp/2024/1
Trusts and Succession (Scotland) Act 2024	year=2024	number=2	id=asp/2024/2
Budget (Scotland) Act 2024	year=2024	number=3	id=asp/2024/3
Wildlife Management and Muirburn (Scotland) Act 2024	year=2024	number=4	id=asp/2024/4
Children (Care and Justice) (Scotland) Act 2024	year=2024	number=5	id=asp/2024/5
Post Office (Horizon System) Offences (Scotland) Act 2024	year=2024	number=6	id=asp/2024/6
Housing (Cladding Remediation) (Scotland) Act 2024	year=2024	number=7	id=asp/2024/7
Hunting with Dogs (Scotland) Act 2023	year=2023	number=1	id=asp/2023/1
Budget (Scotland) Act 2023	year=2023	number=2	id=asp/2023/2
Moveable Transactions (Scotland) Act 2023	year=2023	number=3	id=asp/2023/3
Bail and Release from Custody (Scotland) Act 2023	year=2023	number=4	id=asp/2023/4
Charities (Regulation and Administration) (Scotland) Act 2023	year=2023	number=5	id=asp/2023/5
Patient Safety Commissioner for Scotland Act 2023	year=2023	number=6	id=asp/2023/6
Transvaginal Mesh Removal (Cost Reimbursement) (Scotland) Act 2022	year=2022	number=1	id=asp/2022/1
Coronavirus (Discretionary Compensation for Self-isolation) (Scotland) Act 2022	year=2022	number=2	id=asp/2022/2
Budget (Scotland) Act 2022	year=2022	number=3	id=asp/2022/3
Scottish Local Government Elections (Candidacy Rights of Foreign Nationals) Act 2022	year=2022	number=4	id=asp/2022/4
Good Food Nation (Scotland) Act 2022	year=2022	number=5	id=asp/2022/5
Miners' Strike (Pardons) (Scotland) Act 2022	year=2022	number=6	id=asp/2022/6
Non-Domestic Rates (Coronavirus) (Scotland) Act 2022	year=2022	number=7	id=asp/2022/7
Coronavirus (Recovery and Reform) (Scotland) Act 2022	year=2022	number=8	id=asp/2022/8
Fireworks and Pyrotechnic Articles (Scotland) Act 2022	year=2022	number=9	id=asp/2022/9
Cost of Living (Tenant Protection) (Scotland) Act 2022	year=2022	number=10	id=asp/2022/10
Period Products (Free Provision) (Scotland) Act 2021	year=2021	number=1	id=asp/2021/1
Solicitors in the Supreme Courts of Scotland (Amendment) Act 2021	year=2021	number=2	id=asp/2021/2
Forensic Medical Services (Victims of Sexual Offences) (Scotland) Act 2021	year=2021	number=3	id=asp/2021/3
UK Withdrawal from the European Union (Continuity) (Scotland) Act 2021	year=2021	number=4	id=asp/2021/4
Scottish General Election (Coronavirus) Act 2021	year=2021	number=5	id=asp/2021/5
Protection of Workers (Retail and Age-restricted Goods and Services) (Scotland) Act 2021	year=2021	number=6	id=asp/2021/6
Scottish Parliament (Assistance for Political Parties) Act 2021	year=2021	number=7	id=asp/2021/7
Budget (Scotland) Act 2021	year=2021	number=8	id=asp/2021/8
Heat Networks (Scotland) Act 2021	year=2021	number=9	id=asp/2021/9
Defamation and Malicious Publication (Scotland) Act 2021	year=2021	number=10	id=asp/2021/10
Pre-release Access to Official Statistics (Scotland) Act 2021	year=2021	number=11	id=asp/2021/11
Scottish Parliamentary Standards (Sexual Harassment and Complaints Process) Act 2021	year=2021	number=12	id=asp/2021/12
University of St. Andrews (Degrees in Medicine and Dentistry) Act 2021	year=2021	number=13	id=asp/2021/13
Hate Crime and Public Order (Scotland) Act 2021	year=2021	number=14	id=asp/2021/14
Redress for Survivors (Historical Child Abuse in Care) (Scotland) Act 2021	year=2021	number=15	id=asp/2021/15
Domestic Abuse (Protection) (Scotland) Act 2021	year=2021	number=16	id=asp/2021/16
Tied Pubs (Scotland) Act 2021	year=2021	number=17	id=asp/2021/17
Dogs (Protection of Livestock) (Amendment) (Scotland) Act 2021	year=2021	number=18	id=asp/2021/18
Coronavirus (Extension and Expiry) (Scotland) Act 2021	year=2021	number=19	id=asp/2021/19
Carer's Allowance Supplement (Scotland) Act 2021	year=2021	number=20	id=asp/2021/20
UEFA European Championship (Scotland) Act 2020	year=2020	number=1	id=asp/2020/1
Referendums (Scotland) Act 2020	year=2020	number=2	id=asp/2020/2
Scottish National Investment Bank Act 2020	year=2020	number=3	id=asp/2020/3
Non-Domestic Rates (Scotland) Act 2020	year=2020	number=4	id=asp/2020/4
Budget (Scotland) Act 2020	year=2020	number=5	id=asp/2020/5
Scottish Elections (Franchise and Representation) Act 2020	year=2020	number=6	id=asp/2020/6
Coronavirus (Scotland) Act 2020	year=2020	number=7	id=asp/2020/7
Scottish Biometrics Commissioner Act 2020	year=2020	number=8	id=asp/2020/8
Female Genital Mutilation (Protection and Guidance) (Scotland) Act 2020	year=2020	number=9	id=asp/2020/9
Coronavirus (Scotland) (No. 2) Act 2020	year=2020	number=10	id=asp/2020/10
Consumer Scotland Act 2020	year=2020	number=11	id=asp/2020/11
Scottish Elections (Reform) Act 2020	year=2020	number=12	id=asp/2020/12
Disclosure (Scotland) Act 2020	year=2020	number=13	id=asp/2020/13
Animals and Wildlife (Penalties, Protections and Powers) (Scotland) Act 2020	year=2020	number=14	id=asp/2020/14
Civil Partnership (Scotland) Act 2020	year=2020	number=15	id=asp/2020/15
Children (Scotland) Act 2020	year=2020	number=16	id=asp/2020/16
Agriculture (Retained EU Law and Data) (Scotland) Act 2020	year=2020	number=17	id=asp/2020/17
Social Security Administration and Tribunal Membership (Scotland) Act 2020	year=2020	number=18	id=asp/2020/18
Scottish Crown Estate Act 2019	year=2019	number=1	id=asp/2019/1
Pow of Inchaffray Drainage Commission (Scotland) Act 2019	year=2019	number=2	id=asp/2019/2
Budget (Scotland) Act 2019	year=2019	number=3	id=asp/2019/3
Damages (Investment Returns and Periodical Payments) (Scotland) Act 2019	year=2019	number=4	id=asp/2019/4
Hutchesons' Hospital Transfer and Dissolution (Scotland) Act 2019	year=2019	number=5	id=asp/2019/5
Health and Care (Staffing) (Scotland) Act 2019	year=2019	number=6	id=asp/2019/6
Age of Criminal Responsibility (Scotland) Act 2019	year=2019	number=7	id=asp/2019/7
Vulnerable Witnesses (Criminal Evidence) (Scotland) Act 2019	year=2019	number=8	id=asp/2019/8
South of Scotland Enterprise Act 2019	year=2019	number=9	id=asp/2019/9
Fuel Poverty (Targets, Definition and Strategy) (Scotland) Act 2019	year=2019	number=10	id=asp/2019/10
Human Tissue (Authorisation) (Scotland) Act 2019	year=2019	number=11	id=asp/2019/11
Census (Amendment) (Scotland) Act 2019	year=2019	number=12	id=asp/2019/12
Planning (Scotland) Act 2019	year=2019	number=13	id=asp/2019/13
Management of Offenders (Scotland) Act 2019	year=2019	number=14	id=asp/2019/14
Climate Change (Emissions Reduction Targets) (Scotland) Act 2019	year=2019	number=15	id=asp/2019/15
Children (Equal Protection from Assault) (Scotland) Act 2019	year=2019	number=16	id=asp/2019/16
Transport (Scotland) Act 2019	year=2019	number=17	id=asp/2019/17
Edinburgh Bakers' Widows' Fund Act 2018	year=2018	number=1	id=asp/2018/1
Writers to the Signet Dependants' Annuity Fund Amendment (Scotland) Act 2018	year=2018	number=2	id=asp/2018/2
Wild Animals in Travelling Circuses (Scotland) Act 2018	year=2018	number=3	id=asp/2018/3
Gender Representation on Public Boards (Scotland) Act 2018	year=2018	number=4	id=asp/2018/4
Domestic Abuse (Scotland) Act 2018	year=2018	number=5	id=asp/2018/5
Budget (Scotland) Act 2018	year=2018	number=6	id=asp/2018/6
Offensive Behaviour at Football and Threatening Communications (Repeal) (Scotland) Act 2018	year=2018	number=7	id=asp/2018/7
Forestry and Land Management (Scotland) Act 2018	year=2018	number=8	id=asp/2018/8
Social Security (Scotland) Act 2018	year=2018	number=9	id=asp/2018/9
Civil Litigation (Expenses and Group Proceedings) (Scotland) Act 2018	year=2018	number=10	id=asp/2018/10
Land and Buildings Transaction Tax (Relief from Additional Amount) (Scotland) Act 2018	year=2018	number=11	id=asp/2018/11
Islands (Scotland) Act 2018	year=2018	number=12	id=asp/2018/12
Housing (Amendment) (Scotland) Act 2018	year=2018	number=13	id=asp/2018/13
Historical Sexual Offences (Pardons and Disregards) (Scotland) Act 2018	year=2018	number=14	id=asp/2018/14
Prescription (Scotland) Act 2018	year=2018	number=15	id=asp/2018/15
Budget (Scotland) Act 2017	year=2017	number=1	id=asp/2017/1
Air Departure Tax (Scotland) Act 2017	year=2017	number=2	id=asp/2017/2
Limitation (Childhood Abuse) (Scotland) Act 2017	year=2017	number=3	id=asp/2017/3
Railway Policing (Scotland) Act 2017	year=2017	number=4	id=asp/2017/4
Contract (Third Party Rights) (Scotland) Act 2017	year=2017	number=5	id=asp/2017/5
Child Poverty (Scotland) Act 2017	year=2017	number=6	id=asp/2017/6
Seat Belts on School Transport (Scotland) Act 2017	year=2017	number=7	id=asp/2017/7
Criminal Justice (Scotland) Act 2016	year=2016	number=1	id=asp/2016/1
Inquiries into Fatal Accidents and Sudden Deaths etc. (Scotland) Act 2016	year=2016	number=2	id=asp/2016/2
Smoking Prohibition (Children in Motor Vehicles) (Scotland) Act 2016	year=2016	number=3	id=asp/2016/3
Interests of Members of the Scottish Parliament (Amendment) Act 2016	year=2016	number=4	id=asp/2016/4
Apologies (Scotland) Act 2016	year=2016	number=5	id=asp/2016/5
National Galleries of Scotland Act 2016	year=2016	number=6	id=asp/2016/6
Succession (Scotland) Act 2016	year=2016	number=7	id=asp/2016/7
Education (Scotland) Act 2016	year=2016	number=8	id=asp/2016/8
Carers (Scotland) Act 2016	year=2016	number=9	id=asp/2016/9
Community Justice (Scotland) Act 2016	year=2016	number=10	id=asp/2016/10
Land and Buildings Transaction Tax (Amendment) (Scotland) Act 2016	year=2016	number=11	id=asp/2016/11
Budget (Scotland) Act 2016	year=2016	number=12	id=asp/2016/12
Scottish Elections (Dates) Act 2016	year=2016	number=13	id=asp/2016/13
Health (Tobacco, Nicotine etc. and Care) (Scotland) Act 2016	year=2016	number=14	id=asp/2016/14
Higher Education Governance (Scotland) Act 2016	year=2016	number=15	id=asp/2016/15
Lobbying (Scotland) Act 2016	year=2016	number=16	id=asp/2016/16
Scottish Fiscal Commission Act 2016	year=2016	number=17	id=asp/2016/17
Land Reform (Scotland) Act 2016	year=2016	number=18	id=asp/2016/18
Private Housing (Tenancies) (Scotland) Act 2016	year=2016	number=19	id=asp/2016/19
Burial and Cremation (Scotland) Act 2016	year=2016	number=20	id=asp/2016/20
Bankruptcy (Scotland) Act 2016	year=2016	number=21	id=asp/2016/21
Abusive Behaviour and Sexual Harm (Scotland) Act 2016	year=2016	number=22	id=asp/2016/22
Food (Scotland) Act 2015	year=2015	number=1	id=asp/2015/1
Budget (Scotland) Act 2015	year=2015	number=2	id=asp/2015/2
Community Charge Debt (Scotland) Act 2015	year=2015	number=3	id=asp/2015/3
Legal Writings (Counterparts and Delivery) (Scotland) Act 2015	year=2015	number=4	id=asp/2015/4
Welfare Funds (Scotland) Act 2015	year=2015	number=5	id=asp/2015/5
Community Empowerment (Scotland) Act 2015	year=2015	number=6	id=asp/2015/6
Scottish Elections (Reduction of Voting Age) Act 2015	year=2015	number=7	id=asp/2015/7
Prisoners (Control of Release) (Scotland) Act 2015	year=2015	number=8	id=asp/2015/8
Mental Health (Scotland) Act 2015	year=2015	number=9	id=asp/2015/9
Air Weapons and Licensing (Scotland) Act 2015	year=2015	number=10	id=asp/2015/10
British Sign Language (Scotland) Act 2015	year=2015	number=11	id=asp/2015/11
Human Trafficking and Exploitation (Scotland) Act 2015	year=2015	number=12	id=asp/2015/12
Harbours (Scotland) Act 2015	year=2015	number=13	id=asp/2015/13
Victims and Witnesses (Scotland) Act 2014	year=2014	number=1	id=asp/2014/1
Landfill Tax (Scotland) Act 2014	year=2014	number=2	id=asp/2014/2
Regulatory Reform (Scotland) Act 2014	year=2014	number=3	id=asp/2014/3
Burrell Collection (Lending and Borrowing) (Scotland) Act 2014	year=2014	number=4	id=asp/2014/4
Marriage and Civil Partnership (Scotland) Act 2014	year=2014	number=5	id=asp/2014/5
Budget (Scotland) Act 2014	year=2014	number=6	id=asp/2014/6
City of Edinburgh Council (Leith Links and Surplus Fire Fund) Act 2014	year=2014	number=7	id=asp/2014/7
Children and Young People (Scotland) Act 2014	year=2014	number=8	id=asp/2014/8
Public Bodies (Joint Working) (Scotland) Act 2014	year=2014	number=9	id=asp/2014/9
Tribunals (Scotland) Act 2014	year=2014	number=10	id=asp/2014/10
Bankruptcy and Debt Advice (Scotland) Act 2014	year=2014	number=11	id=asp/2014/11
Procurement Reform (Scotland) Act 2014	year=2014	number=12	id=asp/2014/12
Buildings (Recovery of Expenses) (Scotland) Act 2014	year=2014	number=13	id=asp/2014/13
Housing (Scotland) Act 2014	year=2014	number=14	id=asp/2014/14
City of Edinburgh Council (Portobello Park) Act 2014	year=2014	number=15	id=asp/2014/15
Revenue Scotland and Tax Powers Act 2014	year=2014	number=16	id=asp/2014/16
Disabled Persons' Parking Badges (Scotland) Act 2014	year=2014	number=17	id=asp/2014/17
Courts Reform (Scotland) Act 2014	year=2014	number=18	id=asp/2014/18
Historic Environment Scotland Act 2014	year=2014	number=19	id=asp/2014/19
Social Care (Self-directed Support) (Scotland) Act 2013	year=2013	number=1	id=asp/2013/1
Freedom of Information (Amendment) (Scotland) Act 2013	year=2013	number=2	id=asp/2013/2
Scottish Civil Justice Council and Criminal Legal Assistance Act 2013	year=2013	number=3	id=asp/2013/3
Budget (Scotland) Act 2013	year=2013	number=4	id=asp/2013/4
Water Resources (Scotland) Act 2013	year=2013	number=5	id=asp/2013/5
High Hedges (Scotland) Act 2013	year=2013	number=6	id=asp/2013/6
Aquaculture and Fisheries (Scotland) Act 2013	year=2013	number=7	id=asp/2013/7
Forth Road Bridge Act 2013	year=2013	number=8	id=asp/2013/8
National Trust for Scotland (Governance etc.) Act 2013	year=2013	number=9	id=asp/2013/9
Crofting (Amendment) (Scotland) Act 2013	year=2013	number=10	id=asp/2013/10
Land and Buildings Transaction Tax (Scotland) Act 2013	year=2013	number=11	id=asp/2013/11
Post-16 Education (Scotland) Act 2013	year=2013	number=12	id=asp/2013/12
Scottish Independence Referendum (Franchise) Act 2013	year=2013	number=13	id=asp/2013/13
Scottish Independence Referendum Act 2013	year=2013	number=14	id=asp/2013/14
Offensive Behaviour at Football and Threatening Communications (Scotland) Act 2012	year=2012	number=1	id=asp/2012/1
Budget (Scotland) Act 2012	year=2012	number=2	id=asp/2012/2
National Library of Scotland Act 2012	year=2012	number=3	id=asp/2012/3
Alcohol (Minimum Pricing) (Scotland) Act 2012	year=2012	number=4	id=asp/2012/4
Land Registration etc. (Scotland) Act 2012	year=2012	number=5	id=asp/2012/5
Agricultural Holdings (Amendment) (Scotland) Act 2012	year=2012	number=6	id=asp/2012/6
Criminal Cases (Punishment and Review) (Scotland) Act 2012	year=2012	number=7	id=asp/2012/7
Police and Fire Reform (Scotland) Act 2012	year=2012	number=8	id=asp/2012/8
Long Leases (Scotland) Act 2012	year=2012	number=9	id=asp/2012/9
Welfare Reform (Further Provision) (Scotland) Act 2012	year=2012	number=10	id=asp/2012/10
Local Government Finance (Unoccupied Properties etc.) (Scotland) Act 2012	year=2012	number=11	id=asp/2012/11
Children's Hearings (Scotland) Act 2011	year=2011	number=1	id=asp/2011/1
Forth Crossing Act 2011	year=2011	number=2	id=asp/2011/2
Historic Environment (Amendment) (Scotland) Act 2011	year=2011	number=3	id=asp/2011/3
Budget (Scotland) Act 2011	year=2011	number=4	id=asp/2011/4
Patient Rights (Scotland) Act 2011	year=2011	number=5	id=asp/2011/5
Wildlife and Natural Environment (Scotland) Act 2011	year=2011	number=6	id=asp/2011/6
Damages (Scotland) Act 2011	year=2011	number=7	id=asp/2011/7
Property Factors (Scotland) Act 2011	year=2011	number=8	id=asp/2011/8
Reservoirs (Scotland) Act 2011	year=2011	number=9	id=asp/2011/9
Local Electoral Administration (Scotland) Act 2011	year=2011	number=10	id=asp/2011/10
Certification of Death (Scotland) Act 2011	year=2011	number=11	id=asp/2011/11
Public Records (Scotland) Act 2011	year=2011	number=12	id=asp/2011/12
Domestic Abuse (Scotland) Act 2011	year=2011	number=13	id=asp/2011/13
Private Rented Housing (Scotland) Act 2011	year=2011	number=14	id=asp/2011/14
Forced Marriage etc. (Protection and Jurisdiction) (Scotland) Act 2011	year=2011	number=15	id=asp/2011/15
Double Jeopardy (Scotland) Act 2011	year=2011	number=16	id=asp/2011/16
Arbitration (Scotland) Act 2010	year=2010	number=1	id=asp/2010/1
Schools (Consultation) (Scotland) Act 2010	year=2010	number=2	id=asp/2010/2
Tobacco and Primary Medical Services (Scotland) Act 2010	year=2010	number=3	id=asp/2010/3
Budget (Scotland) Act 2010	year=2010	number=4	id=asp/2010/4
Marine (Scotland) Act 2010	year=2010	number=5	id=asp/2010/5
Home Owner and Debtor Protection (Scotland) Act 2010	year=2010	number=6	id=asp/2010/6
Ure Elder Fund Transfer and Dissolution Act 2010	year=2010	number=7	id=asp/2010/7
Public Services Reform (Scotland) Act 2010	year=2010	number=8	id=asp/2010/8
Control of Dogs (Scotland) Act 2010	year=2010	number=9	id=asp/2010/9
Interpretation and Legislative Reform (Scotland) Act 2010	year=2010	number=10	id=asp/2010/10
Scottish Parliamentary Commissions and Commissioners etc. Act 2010	year=2010	number=11	id=asp/2010/11
William Simpson's Home (Transfer of Property etc.) (Scotland) Act 2010	year=2010	number=12	id=asp/2010/12
Criminal Justice and Licensing (Scotland) Act 2010	year=2010	number=13	id=asp/2010/13
Crofting Reform (Scotland) Act 2010	year=2010	number=14	id=asp/2010/14
Criminal Procedure (Legal Assistance, Detention and Appeals) (Scotland) Act 2010	year=2010	number=15	id=asp/2010/15
Legal Services (Scotland) Act 2010	year=2010	number=16	id=asp/2010/16
Housing (Scotland) Act 2010	year=2010	number=17	id=asp/2010/17
Alcohol etc. (Scotland) Act 2010	year=2010	number=18	id=asp/2010/18
Scottish Parliamentary Pensions Act 2009	year=2009	number=1	id=asp/2009/1
Budget (Scotland) Act 2009	year=2009	number=2	id=asp/2009/2
Disabled Persons' Parking Places (Scotland) Act 2009	year=2009	number=3	id=asp/2009/3
Damages (Asbestos-related Conditions) (Scotland) Act 2009	year=2009	number=4	id=asp/2009/4
Health Boards (Membership and Elections) (Scotland) Act 2009	year=2009	number=5	id=asp/2009/5
Flood Risk Management (Scotland) Act 2009	year=2009	number=6	id=asp/2009/6
Education (Additional Support for Learning) (Scotland) Act 2009	year=2009	number=7	id=asp/2009/7
Offences (Aggravation by Prejudice) (Scotland) Act 2009	year=2009	number=8	id=asp/2009/8
Sexual Offences (Scotland) Act 2009	year=2009	number=9	id=asp/2009/9
Scottish Local Government (Elections) Act 2009	year=2009	number=10	id=asp/2009/10
Convention Rights Proceedings (Amendment) (Scotland) Act 2009	year=2009	number=11	id=asp/2009/11
Climate Change (Scotland) Act 2009	year=2009	number=12	id=asp/2009/12
Abolition of Bridge Tolls (Scotland) Act 2008	year=2008	number=1	id=asp/2008/1
Budget (Scotland) Act 2008	year=2008	number=2	id=asp/2008/2
Graduate Endowment Abolition (Scotland) Act 2008	year=2008	number=3	id=asp/2008/3
Glasgow Commonwealth Games Act 2008	year=2008	number=4	id=asp/2008/4
Public Health etc. (Scotland) Act 2008	year=2008	number=5	id=asp/2008/5
Judiciary and Courts (Scotland) Act 2008	year=2008	number=6	id=asp/2008/6
Scottish Register of Tartans Act 2008	year=2008	number=7	id=asp/2008/7
Glasgow Airport Rail Link Act 2007	year=2007	number=1	id=asp/2007/1
St. Andrew's Day Bank Holiday (Scotland) Act 2007	year=2007	number=2	id=asp/2007/2
Bankruptcy and Diligence etc. (Scotland) Act 2007	year=2007	number=3	id=asp/2007/3
Adoption and Children (Scotland) Act 2007	year=2007	number=4	id=asp/2007/4
Legal Profession and Legal Aid (Scotland) Act 2007	year=2007	number=5	id=asp/2007/5
Criminal Proceedings etc. (Reform) (Scotland) Act 2007	year=2007	number=6	id=asp/2007/6
Crofting Reform etc. Act 2007	year=2007	number=7	id=asp/2007/7
Transport and Works (Scotland) Act 2007	year=2007	number=8	id=asp/2007/8
Budget (Scotland) Act 2007	year=2007	number=9	id=asp/2007/9
Adult Support and Protection (Scotland) Act 2007	year=2007	number=10	id=asp/2007/10
Prostitution (Public Places) (Scotland) Act 2007	year=2007	number=11	id=asp/2007/11
Aquaculture and Fisheries (Scotland) Act 2007	year=2007	number=12	id=asp/2007/12
Christmas Day and New Year's Day Trading (Scotland) Act 2007	year=2007	number=13	id=asp/2007/13
Protection of Vulnerable Groups (Scotland) Act 2007	year=2007	number=14	id=asp/2007/14
Schools (Health Promotion and Nutrition) (Scotland) Act 2007	year=2007	number=15	id=asp/2007/15
Edinburgh Airport Rail Link Act 2007	year=2007	number=16	id=asp/2007/16
Custodial Sentences and Weapons (Scotland) Act 2007	year=2007	number=17	id=asp/2007/17
Rights of Relatives to Damages (Mesothelioma) (Scotland) Act 2007	year=2007	number=18	id=asp/2007/18
Airdrie-Bathgate Railway and Linked Improvements Act 2007	year=2007	number=19	id=asp/2007/19
Housing (Scotland) Act 2006	year=2006	number=1	id=asp/2006/1
Family Law (Scotland) Act 2006	year=2006	number=2	id=asp/2006/2
Joint Inspection of Children's Services and Inspection of Social Work Services (Scotland) Act 2006	year=2006	number=3	id=asp/2006/3
Human Tissue (Scotland) Act 2006	year=2006	number=4	id=asp/2006/4
Budget (Scotland) Act 2006	year=2006	number=5	id=asp/2006/5
Edinburgh Tram (Line Two) Act 2006	year=2006	number=6	id=asp/2006/6
Edinburgh Tram (Line One) Act 2006	year=2006	number=7	id=asp/2006/7
Scottish Schools (Parental Involvement) Act 2006	year=2006	number=8	id=asp/2006/8
Senior Judiciary (Vacancies and Incapacity) (Scotland) Act 2006	year=2006	number=9	id=asp/2006/9
Police, Public Order and Criminal Justice (Scotland) Act 2006	year=2006	number=10	id=asp/2006/10
Animal Health and Welfare (Scotland) Act 2006	year=2006	number=11	id=asp/2006/11
Interests of Members of the Scottish Parliament Act 2006	year=2006	number=12	id=asp/2006/12
Waverley Railway (Scotland) Act 2006	year=2006	number=13	id=asp/2006/13
Local Electoral Administration and Registration Services (Scotland) Act 2006	year=2006	number=14	id=asp/2006/14
Tourist Boards (Scotland) Act 2006	year=2006	number=15	id=asp/2006/15
Scottish Commission for Human Rights Act 2006	year=2006	number=16	id=asp/2006/16
Planning etc. (Scotland) Act 2006	year=2006	number=17	id=asp/2006/17
Breastfeeding etc. (Scotland) Act 2005	year=2005	number=1	id=asp/2005/1
Emergency Workers (Scotland) Act 2005	year=2005	number=2	id=asp/2005/2
Water Services etc. (Scotland) Act 2005	year=2005	number=3	id=asp/2005/3
Budget (Scotland) Act 2005	year=2005	number=4	id=asp/2005/4
Fire (Scotland) Act 2005	year=2005	number=5	id=asp/2005/5
Further and Higher Education (Scotland) Act 2005	year=2005	number=6	id=asp/2005/6
Gaelic Language (Scotland) Act 2005	year=2005	number=7	id=asp/2005/7
Prohibition of Female Genital Mutilation (Scotland) Act 2005	year=2005	number=8	id=asp/2005/8
Protection of Children and Prevention of Sexual Offences (Scotland) Act 2005	year=2005	number=9	id=asp/2005/9
Charities and Trustee Investment (Scotland) Act 2005	year=2005	number=10	id=asp/2005/10
Baird Trust Reorganisation Act 2005	year=2005	number=11	id=asp/2005/11
Transport (Scotland) Act 2005	year=2005	number=12	id=asp/2005/12
Smoking, Health and Social Care (Scotland) Act 2005	year=2005	number=13	id=asp/2005/13
Management of Offenders etc. (Scotland) Act 2005	year=2005	number=14	id=asp/2005/14
Environmental Assessment (Scotland) Act 2005	year=2005	number=15	id=asp/2005/15
Licensing (Scotland) Act 2005	year=2005	number=16	id=asp/2005/16
Primary Medical Services (Scotland) Act 2004	year=2004	number=1	id=asp/2004/1
Budget (Scotland) Act 2004	year=2004	number=2	id=asp/2004/2
Vulnerable Witnesses (Scotland) Act 2004	year=2004	number=3	id=asp/2004/3
Education (Additional Support for Learning) (Scotland) Act 2004	year=2004	number=4	id=asp/2004/4
Criminal Procedure (Amendment) (Scotland) Act 2004	year=2004	number=5	id=asp/2004/5
Nature Conservation (Scotland) Act 2004	year=2004	number=6	id=asp/2004/6
National Health Service Reform (Scotland) Act 2004	year=2004	number=7	id=asp/2004/7
Antisocial Behaviour etc. (Scotland) Act 2004	year=2004	number=8	id=asp/2004/8
Local Governance (Scotland) Act 2004	year=2004	number=9	id=asp/2004/9
Stirling-Alloa-Kincardine Railway and Linked Improvements Act 2004	year=2004	number=10	id=asp/2004/10
Tenements (Scotland) Act 2004	year=2004	number=11	id=asp/2004/11
School Education (Ministerial Powers and Independent Schools) (Scotland) Act 2004	year=2004	number=12	id=asp/2004/12
Local Government in Scotland Act 2003	year=2003	number=1	id=asp/2003/1
Land Reform (Scotland) Act 2003	year=2003	number=2	id=asp/2003/2
Water Environment and Water Services (Scotland) Act 2003	year=2003	number=3	id=asp/2003/3
Public Appointments and Public Bodies etc. (Scotland) Act 2003	year=2003	number=4	id=asp/2003/4
Protection of Children (Scotland) Act 2003	year=2003	number=5	id=asp/2003/5
Budget (Scotland) Act 2003	year=2003	number=6	id=asp/2003/6
Criminal Justice (Scotland) Act 2003	year=2003	number=7	id=asp/2003/7
Building (Scotland) Act 2003	year=2003	number=8	id=asp/2003/8
Title Conditions (Scotland) Act 2003	year=2003	number=9	id=asp/2003/9
Homelessness etc. (Scotland) Act 2003	year=2003	number=10	id=asp/2003/10
Agricultural Holdings (Scotland) Act 2003	year=2003	number=11	id=asp/2003/11
Dog Fouling (Scotland) Act 2003	year=2003	number=12	id=asp/2003/12
Mental Health (Care and Treatment) (Scotland) Act 2003	year=2003	number=13	id=asp/2003/13
Council of the Law Society of Scotland Act 2003	year=2003	number=14	id=asp/2003/14
Salmon and Freshwater Fisheries (Consolidation) (Scotland) Act 2003	year=2003	number=15	id=asp/2003/15
National Galleries of Scotland Act 2003	year=2003	number=16	id=asp/2003/16
Commissioner for Children and Young People (Scotland) Act 2003	year=2003	number=17	id=asp/2003/17
Education (School Meals) (Scotland) Act 2003	year=2003	number=18	id=asp/2003/18
Robin Rigg Offshore Wind Farm (Navigation and Fishing) (Scotland) Act 2003	year=2003	number=19	id=asp/2003/19
Scottish Local Government (Elections) Act 2002	year=2002	number=1	id=asp/2002/1
School Education (Amendment) (Scotland) Act 2002	year=2002	number=2	id=asp/2002/2
Water Industry (Scotland) Act 2002	year=2002	number=3	id=asp/2002/3
Criminal Procedure (Amendment) (Scotland) Act 2002	year=2002	number=4	id=asp/2002/4
Community Care and Health (Scotland) Act 2002	year=2002	number=5	id=asp/2002/5
Protection of Wild Mammals (Scotland) Act 2002	year=2002	number=6	id=asp/2002/6
Budget (Scotland) Act 2002	year=2002	number=7	id=asp/2002/7
Marriage (Scotland) Act 2002	year=2002	number=8	id=asp/2002/8
Sexual Offences (Procedure and Evidence) (Scotland) Act 2002	year=2002	number=9	id=asp/2002/9
Fur Farming (Prohibition) (Scotland) Act 2002	year=2002	number=10	id=asp/2002/10
Scottish Public Services Ombudsman Act 2002	year=2002	number=11	id=asp/2002/11
Education (Disability Strategies and Pupils' Educational Records) (Scotland) Act 2002	year=2002	number=12	id=asp/2002/12
Freedom of Information (Scotland) Act 2002	year=2002	number=13	id=asp/2002/13
Scottish Qualifications Authority Act 2002	year=2002	number=14	id=asp/2002/14
University of St. Andrews (Postgraduate Medical Degrees) Act 2002	year=2002	number=15	id=asp/2002/15
Scottish Parliamentary Standards Commissioner Act 2002	year=2002	number=16	id=asp/2002/16
Debt Arrangement and Attachment (Scotland) Act 2002	year=2002	number=17	id=asp/2002/17
Abolition of Poindings and Warrant Sales Act 2001	year=2001	number=1	id=asp/2001/1
Transport (Scotland) Act 2001	year=2001	number=2	id=asp/2001/2
Salmon Conservation (Scotland) Act 2001	year=2001	number=3	id=asp/2001/3
Budget (Scotland) Act 2001	year=2001	number=4	id=asp/2001/4
Leasehold Casualties (Scotland) Act 2001	year=2001	number=5	id=asp/2001/5
Education (Graduate Endowment and Student Support) (Scotland) Act 2001	year=2001	number=6	id=asp/2001/6
Convention Rights (Compliance) (Scotland) Act 2001	year=2001	number=7	id=asp/2001/7
Regulation of Care (Scotland) Act 2001	year=2001	number=8	id=asp/2001/8
Scottish Local Authorities (Tendering) Act 2001	year=2001	number=9	id=asp/2001/9
Housing (Scotland) Act 2001	year=2001	number=10	id=asp/2001/10
Mortgage Rights (Scotland) Act 2001	year=2001	number=11	id=asp/2001/11
Erskine Bridge Tolls Act 2001	year=2001	number=12	id=asp/2001/12
International Criminal Court (Scotland) Act 2001	year=2001	number=13	id=asp/2001/13
Protection from Abuse (Scotland) Act 2001	year=2001	number=14	id=asp/2001/14
Police and Fire Services (Finance) (Scotland) Act 2001	year=2001	number=15	id=asp/2001/15
Public Finance and Accountability (Scotland) Act 2000	year=2000	number=1	id=asp/2000/1
Budget (Scotland) Act 2000	year=2000	number=2	id=asp/2000/2
Census (Amendment) (Scotland) Act 2000	year=2000	number=3	id=asp/2000/3
Adults with Incapacity (Scotland) Act 2000	year=2000	number=4	id=asp/2000/4
Abolition of Feudal Tenure etc. (Scotland) Act 2000	year=2000	number=5	id=asp/2000/5
Standards in Scotland's Schools etc. Act 2000	year=2000	number=6	id=asp/2000/6
Ethical Standards in Public Life etc. (Scotland) Act 2000	year=2000	number=7	id=asp/2000/7
Education and Training (Scotland) Act 2000	year=2000	number=8	id=asp/2000/8
Bail, Judicial Appointments etc. (Scotland) Act 2000	year=2000	number=9	id=asp/2000/9
National Parks (Scotland) Act 2000	year=2000	number=10	id=asp/2000/10
Regulation of Investigatory Powers (Scotland) Act 2000	year=2000	number=11	id=asp/2000/11
Sea Fisheries (Shellfish) Amendment (Scotland) Act 2000	year=2000	number=12	id=asp/2000/12
Mental Health (Public Safety and Appeals) (Scotland) Act 1999	year=1999	number=1	id=asp/1999/1
